<?xml version="1.0" encoding="UTF-8"?>
<!-- Generated by org.testng.reporters.JUnitReportReporter -->
<testsuite hostname="SKY-20171107VUB" name="zhu.helloWord" tests="1" failures="0" timestamp="14 Mar 2019 06:47:58 GMT" time="0.460" errors="0">
  <testcase name="login" time="0.460" classname="zhu.helloWord"/>
</testsuite> <!-- zhu.helloWord -->
